<?xml version="1.0" encoding="UTF-8"?>
<testng-results skipped="0" failed="0" ignored="0" total="2" passed="2">
  <reporter-output>
  </reporter-output>
  <suite name="Default suite" duration-ms="5967" started-at="2021-01-20T20:08:36Z" finished-at="2021-01-20T20:08:42Z">
    <groups>
    </groups>
    <test name="Default test" duration-ms="5967" started-at="2021-01-20T20:08:36Z" finished-at="2021-01-20T20:08:42Z">
      <class name="getApiRequest.GetApiDataEmployee">
        <test-method status="PASS" signature="getResponseCode()[pri:1, instance:getApiRequest.GetApiDataEmployee@457e2f02]" name="getResponseCode" duration-ms="4763" started-at="2021-01-20T20:08:36Z" finished-at="2021-01-20T20:08:40Z">
          <reporter-output>
          </reporter-output>
        </test-method> <!-- getResponseCode -->
        <test-method status="PASS" signature="getResponseBody()[pri:2, instance:getApiRequest.GetApiDataEmployee@457e2f02]" name="getResponseBody" duration-ms="1144" started-at="2021-01-20T20:08:40Z" finished-at="2021-01-20T20:08:42Z">
          <reporter-output>
          </reporter-output>
        </test-method> <!-- getResponseBody -->
      </class> <!-- getApiRequest.GetApiDataEmployee -->
    </test> <!-- Default test -->
  </suite> <!-- Default suite -->
</testng-results>
