<?xml version="1.0" encoding="UTF-8"?>
<testng-results skipped="0" failed="0" ignored="0" total="2" passed="2">
  <reporter-output>
  </reporter-output>
  <suite name="Default suite" duration-ms="17124" started-at="2021-01-20T19:08:11Z" finished-at="2021-01-20T19:08:28Z">
    <groups>
    </groups>
    <test name="Default test" duration-ms="17124" started-at="2021-01-20T19:08:11Z" finished-at="2021-01-20T19:08:28Z">
      <class name="getApiRequest.GetApiDataEmployee">
        <test-method status="PASS" signature="getResponseCode()[pri:1, instance:getApiRequest.GetApiDataEmployee@457e2f02]" name="getResponseCode" duration-ms="10376" started-at="2021-01-20T19:08:11Z" finished-at="2021-01-20T19:08:21Z">
          <reporter-output>
          </reporter-output>
        </test-method> <!-- getResponseCode -->
        <test-method status="PASS" signature="getResponseBody()[pri:2, instance:getApiRequest.GetApiDataEmployee@457e2f02]" name="getResponseBody" duration-ms="6702" started-at="2021-01-20T19:08:21Z" finished-at="2021-01-20T19:08:28Z">
          <reporter-output>
          </reporter-output>
        </test-method> <!-- getResponseBody -->
      </class> <!-- getApiRequest.GetApiDataEmployee -->
    </test> <!-- Default test -->
  </suite> <!-- Default suite -->
</testng-results>
